========================= test session starts ==========================
failtest_additive_inverse_nan.py F
=============================== FAILURES ===============================
________________________ test_additive_inverse _________________________
[Traceback elided]
AssertionError: assert nan == --nan
------------------------------ Hypothesis ------------------------------
Falsifying example: test_additive_inverse(x=nan)
======================= 1 failed in 0.02 seconds =======================
