========================= test session starts ==========================
failtest_additive_inverse_float.py F
=============================== FAILURES ===============================
_____________________ test_additive_inverse_float ______________________
[Traceback elided]
AssertionError: assert nan == --nan
------------------------------ Hypothesis ------------------------------
Falsifying example: test_additive_inverse_float(x=nan)
======================= 1 failed in 0.03 seconds =======================
